<?xml version="1.0" encoding="utf-8"?><testsuites name="pytest tests"><testsuite name="pytest" errors="0" failures="1" skipped="0" tests="16" time="3.522" timestamp="2026-04-14T18:16:11.356551+00:00" hostname="agent-env-57d8f7ed-8467-4a0c-9f1d-0c0f8703b26c"><testcase classname="backend.tests.test_truthscan" name="test_public_stats" time="0.161" /><testcase classname="backend.tests.test_truthscan" name="test_login_admin" time="0.280" /><testcase classname="backend.tests.test_truthscan" name="test_login_invalid" time="0.049" /><testcase classname="backend.tests.test_truthscan" name="test_register_new_user" time="0.339" /><testcase classname="backend.tests.test_truthscan" name="test_register_duplicate" time="0.051" /><testcase classname="backend.tests.test_truthscan" name="test_get_me_authenticated" time="0.390" /><testcase classname="backend.tests.test_truthscan" name="test_get_me_unauthenticated" time="0.124" /><testcase classname="backend.tests.test_truthscan" name="test_analyze_guest" time="0.310" /><testcase classname="backend.tests.test_truthscan" name="test_analyze_fake_content" time="0.222"><failure message="AssertionError: assert 'Likely False' in ['Fake', 'Likely Misleading']">backend/tests/test_truthscan.py:92: in test_analyze_fake_content
    assert data["label"] in ["Fake", "Likely Misleading"]
E   AssertionError: assert 'Likely False' in ['Fake', 'Likely Misleading']</failure></testcase><testcase classname="backend.tests.test_truthscan" name="test_analyze_empty_text" time="0.150" /><testcase classname="backend.tests.test_truthscan" name="test_analyze_with_title_and_url" time="0.456" /><testcase classname="backend.tests.test_truthscan" name="test_history_unauthenticated" time="0.146" /><testcase classname="backend.tests.test_truthscan" name="test_history_authenticated" time="0.446" /><testcase classname="backend.tests.test_truthscan" name="test_stats_unauthenticated" time="0.196" /><testcase classname="backend.tests.test_truthscan" name="test_stats_authenticated" time="0.051" /><testcase classname="backend.tests.test_truthscan" name="test_logout" time="0.046" /></testsuite></testsuites>