<?xml version="1.0" encoding="utf-8"?><testsuites name="pytest tests"><testsuite name="pytest" errors="0" failures="3" skipped="0" tests="11" time="29.216" timestamp="2026-04-14T18:58:33.511997+00:00" hostname="agent-env-57d8f7ed-8467-4a0c-9f1d-0c0f8703b26c"><testcase classname="backend.tests.test_truthscan_v3.TestCapabilities" name="test_capabilities_returns_all_true" time="0.258" /><testcase classname="backend.tests.test_truthscan_v3.TestAuth" name="test_login_admin" time="0.393"><failure message="AssertionError: assert 'user' in {'email': 'admin@truthscan.ai', 'id': '69ddec9a20fbeea78cdefe87', 'name': 'Admin', 'role': 'admin'}">backend/tests/test_truthscan_v3.py:31: in test_login_admin
    assert "user" in d
E   AssertionError: assert 'user' in {'email': 'admin@truthscan.ai', 'id': '69ddec9a20fbeea78cdefe87', 'name': 'Admin', 'role': 'admin'}</failure></testcase><testcase classname="backend.tests.test_truthscan_v3.TestAuth" name="test_login_test_user" time="0.368" /><testcase classname="backend.tests.test_truthscan_v3.TestAuth" name="test_login_invalid_credentials" time="0.154" /><testcase classname="backend.tests.test_truthscan_v3.TestEvidenceBasedVerdict" name="test_rafale_claim_not_partially_true" time="3.215"><failure message="AssertionError: Expected score &lt; 65 but got 80 (Likely True)&#10;assert 80 &lt; 65">backend/tests/test_truthscan_v3.py:62: in test_rafale_claim_not_partially_true
    assert score &lt; 65, f"Expected score &lt; 65 but got {score} ({label})"
E   AssertionError: Expected score &lt; 65 but got 80 (Likely True)
E   assert 80 &lt; 65</failure></testcase><testcase classname="backend.tests.test_truthscan_v3.TestEvidenceBasedVerdict" name="test_rafale_evidence_links_relevant" time="6.324" /><testcase classname="backend.tests.test_truthscan_v3.TestEvidenceBasedVerdict" name="test_flat_earth_claim_extraction_and_score" time="3.750" /><testcase classname="backend.tests.test_truthscan_v3.TestEvidenceBasedVerdict" name="test_fake_news_still_low_score" time="2.428"><failure message="AssertionError: Expected score &lt; 25, got 32&#10;assert 32 &lt; 25&#10; +  where 32 = &lt;built-in method get of dict object at 0xffcb35c8bdc0&gt;('credibility_score', 100)&#10; +    where &lt;built-in method get of dict object at 0xffcb35c8bdc0&gt; = {'claim': &quot;SHOCKING BOMBSHELL: Scientists are baffled after a new study reveals that 5G towers are causing mass mind control. Share this before they delete it! What the mainstream media won't tell you about this secret government cover-up. Wake up sheeple! 100% confirmed by unnamed insider sources&quot;, 'confidence': 40, 'created_at': '2026-04-14T18:58:50.495649+00:00', 'credibility_score': 32, ...}.get">backend/tests/test_truthscan_v3.py:114: in test_fake_news_still_low_score
    assert d.get("credibility_score", 100) &lt; 25, f"Expected score &lt; 25, got {d.get('credibility_score')}"
E   AssertionError: Expected score &lt; 25, got 32
E   assert 32 &lt; 25
E    +  where 32 = &lt;built-in method get of dict object at 0xffcb35c8bdc0&gt;('credibility_score', 100)
E    +    where &lt;built-in method get of dict object at 0xffcb35c8bdc0&gt; = {'claim': "SHOCKING BOMBSHELL: Scientists are baffled after a new study reveals that 5G towers are causing mass mind control. Share this before they delete it! What the mainstream media won't tell you about this secret government cover-up. Wake up sheeple! 100% confirmed by unnamed insider sources", 'confidence': 40, 'created_at': '2026-04-14T18:58:50.495649+00:00', 'credibility_score': 32, ...}.get</failure></testcase><testcase classname="backend.tests.test_truthscan_v3.TestEvidenceBasedVerdict" name="test_reuters_james_webb_scores_higher" time="2.448" /><testcase classname="backend.tests.test_truthscan_v3.TestEvidenceBasedVerdict" name="test_evidence_summary_structure" time="3.917" /><testcase classname="backend.tests.test_truthscan_v3.TestChatbot" name="test_chatbot_verdict_question" time="5.843" /></testsuite></testsuites>