<?xml version="1.0" encoding="utf-8"?><testsuites name="pytest tests"><testsuite name="pytest" errors="0" failures="2" skipped="0" tests="11" time="43.729" timestamp="2026-04-15T17:44:46.678678+00:00" hostname="agent-env-57d8f7ed-8467-4a0c-9f1d-0c0f8703b26c"><testcase classname="backend.tests.test_v4_api.TestHealth" name="test_health" time="0.297"><failure message="assert 404 == 200&#10; +  where 404 = &lt;Response [404]&gt;.status_code">backend/tests/test_v4_api.py:17: in test_health
    assert r.status_code == 200
E   assert 404 == 200
E    +  where 404 = &lt;Response [404]&gt;.status_code</failure></testcase><testcase classname="backend.tests.test_v4_api.TestAuth" name="test_login_test_user" time="0.431"><failure message="AssertionError: assert ('token' in {'email': 'test@truthscan.ai', 'id': '69de8431daeb10158edfe933', 'name': 'Test User', 'role': 'user'} or None or 'user' in {'email': 'test@truthscan.ai', 'id': '69de8431daeb10158edfe933', 'name': 'Test User', 'role': 'user'})&#10; +  where None = get('token')&#10; +    where get = &lt;RequestsCookieJar[Cookie(version=0, name='access_token', value='eyJhbGciOiJIUzI1NiIsInR5cCI6IkpXVCJ9.eyJzdWIiOiI2OWRlODQzMWRhZWIxMDE1OGVkZmU5MzMiLCJlbWFpbCI6InRlc3RAdHJ1dGhzY2FuLmFpIiwiZXhwIjoxNzc2MjgyMjg3LCJ0eXBlIjoiYWNjZXNzIn0.AijpDT2xyS3SUGDsBYq4RJhUmu5_1PNA6OVWq2d-IZg', port=None, port_specified=False, domain='truth-scan-10.preview.emergentagent.com', domain_specified=False, domain_initial_dot=False, path='/', path_specified=True, secure=False, expires=1776282287, discard=False, comment=None, comment_url=None, rest={'HttpOnly': None, 'SameSite': 'lax'}, rfc2109=False), Cookie(version=0, name='refresh_token', value='eyJhbGciOiJIUzI1NiIsInR5cCI6IkpXVCJ9.eyJzdWIiOiI2OWRlODQzMWRhZWIxMDE1OGVkZmU5MzMiLCJleHAiOjE3NzY4Nzk4ODcsInR5cGUiOiJyZWZyZXNoIn0.ehguM-_0a5dD77bgwNcU6EI716uOcZHCWTVbhl_MHko', port=None, port_specified=False, domain='truth-scan-10.preview.emergentagent.com', domain_specified=False, domain_initial_dot=False, path='/', path_specified=True, secure=False, expires=1776879887, discard=False, comment=None, comment_url=None, rest={'HttpOnly': None, 'SameSite': 'lax'}, rfc2109=False), Cookie(version=0, name='__cf_bm', value='kOyPVt_FN0udXdYNtA7YJwi0aeAlCRN4K1YI40u3QQo-1776275087.125859-1.0.1.1-zhPaTdEOay5SUgINYUJZJrWmfOelHzmcj4rFa3r1iy_MoqsK0u3WRK_N6HY7iP7ZDOLHuDmz08QEbmDOz_68AQIwuEomT6X31Puxz6BB.GPIOdws0xmga0AqnZkdRIMF', port=None, port_specified=False, domain='.preview.emergentagent.com', domain_specified=True, domain_initial_dot=False, path='/', path_specified=True, secure=True, expires=1776276887, discard=False, comment=None, comment_url=None, rest={'HttpOnly': None}, rfc2109=False)]&gt;.get&#10; +      where &lt;RequestsCookieJar[Cookie(version=0, name='access_token', value='eyJhbGciOiJIUzI1NiIsInR5cCI6IkpXVCJ9.eyJzdWIiOiI2OWRlODQzMWRhZWIxMDE1OGVkZmU5MzMiLCJlbWFpbCI6InRlc3RAdHJ1dGhzY2FuLmFpIiwiZXhwIjoxNzc2MjgyMjg3LCJ0eXBlIjoiYWNjZXNzIn0.AijpDT2xyS3SUGDsBYq4RJhUmu5_1PNA6OVWq2d-IZg', port=None, port_specified=False, domain='truth-scan-10.preview.emergentagent.com', domain_specified=False, domain_initial_dot=False, path='/', path_specified=True, secure=False, expires=1776282287, discard=False, comment=None, comment_url=None, rest={'HttpOnly': None, 'SameSite': 'lax'}, rfc2109=False), Cookie(version=0, name='refresh_token', value='eyJhbGciOiJIUzI1NiIsInR5cCI6IkpXVCJ9.eyJzdWIiOiI2OWRlODQzMWRhZWIxMDE1OGVkZmU5MzMiLCJleHAiOjE3NzY4Nzk4ODcsInR5cGUiOiJyZWZyZXNoIn0.ehguM-_0a5dD77bgwNcU6EI716uOcZHCWTVbhl_MHko', port=None, port_specified=False, domain='truth-scan-10.preview.emergentagent.com', domain_specified=False, domain_initial_dot=False, path='/', path_specified=True, secure=False, expires=1776879887, discard=False, comment=None, comment_url=None, rest={'HttpOnly': None, 'SameSite': 'lax'}, rfc2109=False), Cookie(version=0, name='__cf_bm', value='kOyPVt_FN0udXdYNtA7YJwi0aeAlCRN4K1YI40u3QQo-1776275087.125859-1.0.1.1-zhPaTdEOay5SUgINYUJZJrWmfOelHzmcj4rFa3r1iy_MoqsK0u3WRK_N6HY7iP7ZDOLHuDmz08QEbmDOz_68AQIwuEomT6X31Puxz6BB.GPIOdws0xmga0AqnZkdRIMF', port=None, port_specified=False, domain='.preview.emergentagent.com', domain_specified=True, domain_initial_dot=False, path='/', path_specified=True, secure=True, expires=1776276887, discard=False, comment=None, comment_url=None, rest={'HttpOnly': None}, rfc2109=False)]&gt; = &lt;Response [200]&gt;.cookies">backend/tests/test_v4_api.py:31: in test_login_test_user
    assert "token" in data or r.cookies.get("token") or "user" in data
E   AssertionError: assert ('token' in {'email': 'test@truthscan.ai', 'id': '69de8431daeb10158edfe933', 'name': 'Test User', 'role': 'user'} or None or 'user' in {'email': 'test@truthscan.ai', 'id': '69de8431daeb10158edfe933', 'name': 'Test User', 'role': 'user'})
E    +  where None = get('token')
E    +    where get = &lt;RequestsCookieJar[Cookie(version=0, name='access_token', value='eyJhbGciOiJIUzI1NiIsInR5cCI6IkpXVCJ9.eyJzdWIiOiI2OWRlODQzMWRhZWIxMDE1OGVkZmU5MzMiLCJlbWFpbCI6InRlc3RAdHJ1dGhzY2FuLmFpIiwiZXhwIjoxNzc2MjgyMjg3LCJ0eXBlIjoiYWNjZXNzIn0.AijpDT2xyS3SUGDsBYq4RJhUmu5_1PNA6OVWq2d-IZg', port=None, port_specified=False, domain='truth-scan-10.preview.emergentagent.com', domain_specified=False, domain_initial_dot=False, path='/', path_specified=True, secure=False, expires=1776282287, discard=False, comment=None, comment_url=None, rest={'HttpOnly': None, 'SameSite': 'lax'}, rfc2109=False), Cookie(version=0, name='refresh_token', value='eyJhbGciOiJIUzI1NiIsInR5cCI6IkpXVCJ9.eyJzdWIiOiI2OWRlODQzMWRhZWIxMDE1OGVkZmU5MzMiLCJleHAiOjE3NzY4Nzk4ODcsInR5cGUiOiJyZWZyZXNoIn0.ehguM-_0a5dD77bgwNcU6EI716uOcZHCWTVbhl_MHko', port=None, port_specified=False, domain='truth-scan-10.preview.emergentagent.com', domain_specified=False, domain_initial_dot=False, path='/', path_specified=True, secure=False, expires=1776879887, discard=False, comment=None, comment_url=None, rest={'HttpOnly': None, 'SameSite': 'lax'}, rfc2109=False), Cookie(version=0, name='__cf_bm', value='kOyPVt_FN0udXdYNtA7YJwi0aeAlCRN4K1YI40u3QQo-1776275087.125859-1.0.1.1-zhPaTdEOay5SUgINYUJZJrWmfOelHzmcj4rFa3r1iy_MoqsK0u3WRK_N6HY7iP7ZDOLHuDmz08QEbmDOz_68AQIwuEomT6X31Puxz6BB.GPIOdws0xmga0AqnZkdRIMF', port=None, port_specified=False, domain='.preview.emergentagent.com', domain_specified=True, domain_initial_dot=False, path='/', path_specified=True, secure=True, expires=1776276887, discard=False, comment=None, comment_url=None, rest={'HttpOnly': None}, rfc2109=False)]&gt;.get
E    +      where &lt;RequestsCookieJar[Cookie(version=0, name='access_token', value='eyJhbGciOiJIUzI1NiIsInR5cCI6IkpXVCJ9.eyJzdWIiOiI2OWRlODQzMWRhZWIxMDE1OGVkZmU5MzMiLCJlbWFpbCI6InRlc3RAdHJ1dGhzY2FuLmFpIiwiZXhwIjoxNzc2MjgyMjg3LCJ0eXBlIjoiYWNjZXNzIn0.AijpDT2xyS3SUGDsBYq4RJhUmu5_1PNA6OVWq2d-IZg', port=None, port_specified=False, domain='truth-scan-10.preview.emergentagent.com', domain_specified=False, domain_initial_dot=False, path='/', path_specified=True, secure=False, expires=1776282287, discard=False, comment=None, comment_url=None, rest={'HttpOnly': None, 'SameSite': 'lax'}, rfc2109=False), Cookie(version=0, name='refresh_token', value='eyJhbGciOiJIUzI1NiIsInR5cCI6IkpXVCJ9.eyJzdWIiOiI2OWRlODQzMWRhZWIxMDE1OGVkZmU5MzMiLCJleHAiOjE3NzY4Nzk4ODcsInR5cGUiOiJyZWZyZXNoIn0.ehguM-_0a5dD77bgwNcU6EI716uOcZHCWTVbhl_MHko', port=None, port_specified=False, domain='truth-scan-10.preview.emergentagent.com', domain_specified=False, domain_initial_dot=False, path='/', path_specified=True, secure=False, expires=1776879887, discard=False, comment=None, comment_url=None, rest={'HttpOnly': None, 'SameSite': 'lax'}, rfc2109=False), Cookie(version=0, name='__cf_bm', value='kOyPVt_FN0udXdYNtA7YJwi0aeAlCRN4K1YI40u3QQo-1776275087.125859-1.0.1.1-zhPaTdEOay5SUgINYUJZJrWmfOelHzmcj4rFa3r1iy_MoqsK0u3WRK_N6HY7iP7ZDOLHuDmz08QEbmDOz_68AQIwuEomT6X31Puxz6BB.GPIOdws0xmga0AqnZkdRIMF', port=None, port_specified=False, domain='.preview.emergentagent.com', domain_specified=True, domain_initial_dot=False, path='/', path_specified=True, secure=True, expires=1776276887, discard=False, comment=None, comment_url=None, rest={'HttpOnly': None}, rfc2109=False)]&gt; = &lt;Response [200]&gt;.cookies</failure></testcase><testcase classname="backend.tests.test_v4_api.TestAuth" name="test_login_admin" time="0.361" /><testcase classname="backend.tests.test_v4_api.TestAuth" name="test_login_invalid" time="0.154" /><testcase classname="backend.tests.test_v4_api.TestAnalyzeV4" name="test_analyze_returns_v4_fields" time="5.761" /><testcase classname="backend.tests.test_v4_api.TestAnalyzeV4" name="test_analyze_fake_news_label" time="4.068" /><testcase classname="backend.tests.test_v4_api.TestAnalyzeV4" name="test_analyze_evidence_summary_structure" time="6.920" /><testcase classname="backend.tests.test_v4_api.TestAnalyzeV4" name="test_analyze_entities_format" time="5.300" /><testcase classname="backend.tests.test_v4_api.TestAnalyzeV4" name="test_valid_label_set" time="6.075" /><testcase classname="backend.tests.test_v4_api.TestAnalyzeV4" name="test_analyze_guest_mode" time="6.668" /><testcase classname="backend.tests.test_v4_api.TestHistory" name="test_history_saves_after_login_and_analyze" time="7.596" /></testsuite></testsuites>