<?xml version="1.0" encoding="utf-8"?><testsuites name="pytest tests"><testsuite name="pytest" errors="0" failures="0" skipped="0" tests="16" time="2.231" timestamp="2026-04-14T14:37:00.100517+00:00" hostname="agent-env-57d8f7ed-8467-4a0c-9f1d-0c0f8703b26c"><testcase classname="backend.tests.test_truthscan" name="test_public_stats" time="0.221" /><testcase classname="backend.tests.test_truthscan" name="test_login_admin" time="0.275" /><testcase classname="backend.tests.test_truthscan" name="test_login_invalid" time="0.042" /><testcase classname="backend.tests.test_truthscan" name="test_register_new_user" time="0.340" /><testcase classname="backend.tests.test_truthscan" name="test_register_duplicate" time="0.044" /><testcase classname="backend.tests.test_truthscan" name="test_get_me_authenticated" time="0.408" /><testcase classname="backend.tests.test_truthscan" name="test_get_me_unauthenticated" time="0.153" /><testcase classname="backend.tests.test_truthscan" name="test_analyze_guest" time="0.063" /><testcase classname="backend.tests.test_truthscan" name="test_analyze_fake_content" time="0.047" /><testcase classname="backend.tests.test_truthscan" name="test_analyze_empty_text" time="0.041" /><testcase classname="backend.tests.test_truthscan" name="test_analyze_with_title_and_url" time="0.045" /><testcase classname="backend.tests.test_truthscan" name="test_history_unauthenticated" time="0.154" /><testcase classname="backend.tests.test_truthscan" name="test_history_authenticated" time="0.107" /><testcase classname="backend.tests.test_truthscan" name="test_stats_unauthenticated" time="0.110" /><testcase classname="backend.tests.test_truthscan" name="test_stats_authenticated" time="0.053" /><testcase classname="backend.tests.test_truthscan" name="test_logout" time="0.045" /></testsuite></testsuites>