<?xml version="1.0" encoding="utf-8"?><testsuites name="pytest tests"><testsuite name="pytest" errors="0" failures="0" skipped="0" tests="7" time="1.777" timestamp="2026-04-14T18:29:27.077039+00:00" hostname="agent-env-57d8f7ed-8467-4a0c-9f1d-0c0f8703b26c"><testcase classname="backend.tests.test_p2_features.TestCapabilities" name="test_capabilities_has_pdf" time="0.193" /><testcase classname="backend.tests.test_p2_features.TestCapabilities" name="test_capabilities_has_all_fields" time="0.112" /><testcase classname="backend.tests.test_p2_features.TestPdfEndpoint" name="test_pdf_endpoint_with_fake_news_text" time="0.610" /><testcase classname="backend.tests.test_p2_features.TestPdfEndpoint" name="test_pdf_endpoint_invalid_base64" time="0.139" /><testcase classname="backend.tests.test_p2_features.TestChatFix" name="test_chat_with_suspicious_phrases_no_reasoning" time="0.122" /><testcase classname="backend.tests.test_p2_features.TestChatFix" name="test_chat_with_empty_context" time="0.116" /><testcase classname="backend.tests.test_p2_features.TestTextAnalysisRegression" name="test_text_analysis_still_works" time="0.413" /></testsuite></testsuites>